0 info it worked if it ends with ok
1 verbose cli [ '/Users/yj138290/.nvm/versions/node/v6.11.0/bin/node',
1 verbose cli   '/Users/yj138290/.nvm/versions/node/v6.11.0/bin/npm',
1 verbose cli   'run',
1 verbose cli   'example' ]
2 info using npm@3.10.10
3 info using node@v6.11.0
4 verbose run-script [ 'preexample', 'example', 'postexample' ]
5 info lifecycle barrage@0.2.1~preexample: barrage@0.2.1
6 silly lifecycle barrage@0.2.1~preexample: no script for preexample, continuing
7 info lifecycle barrage@0.2.1~example: barrage@0.2.1
8 verbose lifecycle barrage@0.2.1~example: unsafe-perm in lifecycle true
9 verbose lifecycle barrage@0.2.1~example: PATH: /Users/yj138290/.nvm/versions/node/v6.11.0/lib/node_modules/npm/bin/node-gyp-bin:/Users/yj138290/Documents/git-house/barrage/node_modules/.bin:/Users/yj138290/.nvm/versions/node/v6.11.0/bin:/usr/local/bin:/usr/bin:/bin:/usr/sbin:/sbin:/usr/local/sbin
10 verbose lifecycle barrage@0.2.1~example: CWD: /Users/yj138290/Documents/git-house/barrage
11 silly lifecycle barrage@0.2.1~example: Args: [ '-c',
11 silly lifecycle   'webpack-dev-server --config ./webpack.config.js --inline --color --progress' ]
12 silly lifecycle barrage@0.2.1~example: Returned: code: 1  signal: null
13 info lifecycle barrage@0.2.1~example: Failed to exec example script
14 verbose stack Error: barrage@0.2.1 example: `webpack-dev-server --config ./webpack.config.js --inline --color --progress`
14 verbose stack Exit status 1
14 verbose stack     at EventEmitter.<anonymous> (/Users/yj138290/.nvm/versions/node/v6.11.0/lib/node_modules/npm/lib/utils/lifecycle.js:255:16)
14 verbose stack     at emitTwo (events.js:106:13)
14 verbose stack     at EventEmitter.emit (events.js:191:7)
14 verbose stack     at ChildProcess.<anonymous> (/Users/yj138290/.nvm/versions/node/v6.11.0/lib/node_modules/npm/lib/utils/spawn.js:40:14)
14 verbose stack     at emitTwo (events.js:106:13)
14 verbose stack     at ChildProcess.emit (events.js:191:7)
14 verbose stack     at maybeClose (internal/child_process.js:891:16)
14 verbose stack     at Process.ChildProcess._handle.onexit (internal/child_process.js:226:5)
15 verbose pkgid barrage@0.2.1
16 verbose cwd /Users/yj138290/Documents/git-house/barrage
17 error Darwin 16.6.0
18 error argv "/Users/yj138290/.nvm/versions/node/v6.11.0/bin/node" "/Users/yj138290/.nvm/versions/node/v6.11.0/bin/npm" "run" "example"
19 error node v6.11.0
20 error npm  v3.10.10
21 error code ELIFECYCLE
22 error barrage@0.2.1 example: `webpack-dev-server --config ./webpack.config.js --inline --color --progress`
22 error Exit status 1
23 error Failed at the barrage@0.2.1 example script 'webpack-dev-server --config ./webpack.config.js --inline --color --progress'.
23 error Make sure you have the latest version of node.js and npm installed.
23 error If you do, this is most likely a problem with the barrage package,
23 error not with npm itself.
23 error Tell the author that this fails on your system:
23 error     webpack-dev-server --config ./webpack.config.js --inline --color --progress
23 error You can get information on how to open an issue for this project with:
23 error     npm bugs barrage
23 error Or if that isn't available, you can get their info via:
23 error     npm owner ls barrage
23 error There is likely additional logging output above.
24 verbose exit [ 1, true ]
